0 info it worked if it ends with ok
1 verbose cli [ 'C:\\D\\nodejs\\node.exe',
1 verbose cli   'C:\\D\\nodejs\\node_modules\\npm\\bin\\npm-cli.js',
1 verbose cli   'start' ]
2 info using npm@3.10.10
3 info using node@v6.11.3
4 verbose run-script [ 'prestart', 'start', 'poststart' ]
5 info lifecycle mapboxdemo@1.0.0~prestart: mapboxdemo@1.0.0
6 silly lifecycle mapboxdemo@1.0.0~prestart: no script for prestart, continuing
7 info lifecycle mapboxdemo@1.0.0~start: mapboxdemo@1.0.0
8 verbose lifecycle mapboxdemo@1.0.0~start: unsafe-perm in lifecycle true
9 verbose lifecycle mapboxdemo@1.0.0~start: PATH: C:\D\nodejs\node_modules\npm\bin\node-gyp-bin;C:\Users\gyx\Desktop\nodeprojects\gisreactprojs\mapboxdemo\node_modules\.bin;C:\Program Files\NVIDIA GPU Computing Toolkit\CUDA\v8.0\bin;C:\Program Files\NVIDIA GPU Computing Toolkit\CUDA\v8.0\libnvvp;C:\Program Files (x86)\Intel\iCLS Client\;C:\Program Files\Intel\iCLS Client\;C:\Windows\system32;C:\Windows;C:\Windows\System32\Wbem;C:\Windows\System32\WindowsPowerShell\v1.0\;C:\Program Files (x86)\NVIDIA Corporation\PhysX\Common;C:\Program Files (x86)\Intel\Intel(R) Management Engine Components\DAL;C:\Program Files\Intel\Intel(R) Management Engine Components\DAL;C:\Program Files (x86)\Intel\Intel(R) Management Engine Components\IPT;C:\Program Files\Intel\Intel(R) Management Engine Components\IPT;C:\Program Files\Microsoft SQL Server\120\Tools\Binn\;C:\Program Files\Microsoft SQL Server\130\Tools\Binn\;C:\Program Files (x86)\Windows Kits\8.1\Windows Performance Toolkit\;C:\Program Files (x86)\IDM Computer Solutions\UltraEdit;C:\Program Files\IDM Computer Solutions\UltraCompare;C:\MinGW\bin;C:\D\gradle46\bin;C:\Users\gyx\AppData\Roaming\Python\Python35\Scripts;C:\Users\gyx\AppData\Roaming\Python\Python35\site-packages\OpenSSL;C:\D\Matalab\runtime\win64;C:\D\Matalab\bin;C:\Program Files (x86)\Microsoft SQL Server\110\Tools\Binn\;C:\Program Files\Microsoft SQL Server\110\Tools\Binn\;C:\Program Files\Microsoft SQL Server\110\DTS\Binn\;C:\Program Files (x86)\Microsoft SQL Server\110\Tools\Binn\ManagementStudio\;C:\Program Files (x86)\Microsoft SQL Server\110\DTS\Binn\;C:\Users\gyx\AppData\Local\Programs\Python\Python35;C:\Users\gyx\AppData\Local\Programs\Python\Python35\Scripts;C:\D\apache-maven-3.5.0\bin;C:\Program Files\Java\jdk1.8.0_131\bin;C:\WINDOWS\system32\config\systemprofile\.dnx\bin;C:\Program Files\Microsoft DNX\Dnvm\;C:\D\gitrespo\bin;C:\D\gitrespo\cmd;C:\Program Files\GDAL;C:\D\nodejs\;C:\Program Files\MiKTeX 2.9\miktex\bin\x64\;C:\ProgramData\chocolatey\bin;C:\Program Files\Intel\WiFi\bin\;C:\Program Files\Common Files\Intel\WirelessCommon\;C:\WINDOWS\system32;C:\WINDOWS;C:\WINDOWS\System32\Wbem;C:\WINDOWS\System32\WindowsPowerShell\v1.0\;C:\D\opencv\opencv\build\x64\vc14\bin;C:\Ruby24\bin;C:\Ruby25-x64\bin;C:\Ruby24-x64\bin;C:\Users\gyx\AppData\Local\Microsoft\WindowsApps;C:\Users\gyx\AppData\Local\GitHubDesktop\bin;C:\Users\gyx\AppData\Local\Programs\Fiddler;C:\Program Files\Microsoft VS Code\bin;C:\Users\gyx\AppData\Roaming\npm;C:\Users\gyx\AppData\Local\Microsoft\WindowsApps;
10 verbose lifecycle mapboxdemo@1.0.0~start: CWD: C:\Users\gyx\Desktop\nodeprojects\gisreactprojs\mapboxdemo
11 silly lifecycle mapboxdemo@1.0.0~start: Args: [ '/d /s /c',
11 silly lifecycle   'webpack-dev-server --mode development --open --hot' ]
12 silly lifecycle mapboxdemo@1.0.0~start: Returned: code: 3221225786  signal: null
13 info lifecycle mapboxdemo@1.0.0~start: Failed to exec start script
14 verbose stack Error: mapboxdemo@1.0.0 start: `webpack-dev-server --mode development --open --hot`
14 verbose stack Exit status 3221225786
14 verbose stack     at EventEmitter.<anonymous> (C:\D\nodejs\node_modules\npm\lib\utils\lifecycle.js:255:16)
14 verbose stack     at emitTwo (events.js:106:13)
14 verbose stack     at EventEmitter.emit (events.js:191:7)
14 verbose stack     at ChildProcess.<anonymous> (C:\D\nodejs\node_modules\npm\lib\utils\spawn.js:40:14)
14 verbose stack     at emitTwo (events.js:106:13)
14 verbose stack     at ChildProcess.emit (events.js:191:7)
14 verbose stack     at maybeClose (internal/child_process.js:920:16)
14 verbose stack     at Process.ChildProcess._handle.onexit (internal/child_process.js:230:5)
15 verbose pkgid mapboxdemo@1.0.0
16 verbose cwd C:\Users\gyx\Desktop\nodeprojects\gisreactprojs\mapboxdemo
17 error Windows_NT 10.0.16299
18 error argv "C:\\D\\nodejs\\node.exe" "C:\\D\\nodejs\\node_modules\\npm\\bin\\npm-cli.js" "start"
19 error node v6.11.3
20 error npm  v3.10.10
21 error code ELIFECYCLE
22 error mapboxdemo@1.0.0 start: `webpack-dev-server --mode development --open --hot`
22 error Exit status 3221225786
23 error Failed at the mapboxdemo@1.0.0 start script 'webpack-dev-server --mode development --open --hot'.
23 error Make sure you have the latest version of node.js and npm installed.
23 error If you do, this is most likely a problem with the mapboxdemo package,
23 error not with npm itself.
23 error Tell the author that this fails on your system:
23 error     webpack-dev-server --mode development --open --hot
23 error You can get information on how to open an issue for this project with:
23 error     npm bugs mapboxdemo
23 error Or if that isn't available, you can get their info via:
23 error     npm owner ls mapboxdemo
23 error There is likely additional logging output above.
24 verbose exit [ 1, true ]
